2016-09-28 13:58:26.768  INFO 16076 --- [main] com.um.test.TaxiRestApplication          : Starting TaxiRestApplication on LAP-UM-625 with PID 16076 (C:\UMProjects\taxi_data_store\restservice\target\classes started by osama.abdulsattar in C:\UMProjects\taxi_data_store\restapi)
2016-09-28 13:58:26.773  INFO 16076 --- [main] com.um.test.TaxiRestApplication          : No active profile set, falling back to default profiles: default
2016-09-28 13:58:26.854  INFO 16076 --- [main] ationConfigEmbeddedWebApplicationContext : Refreshing org.springframework.boot.context.embedded.AnnotationConfigEmbeddedWebApplicationContext@72057ecf: startup date [Wed Sep 28 13:58:26 CEST 2016]; root of context hierarchy
2016-09-28 13:58:31.869  INFO 16076 --- [main] s.b.c.e.t.TomcatEmbeddedServletContainer : Tomcat initialized with port(s): 8080 (http)
2016-09-28 13:58:31.896  INFO 16076 --- [main] o.apache.catalina.core.StandardService   : Starting service Tomcat
2016-09-28 13:58:31.898  INFO 16076 --- [main] org.apache.catalina.core.StandardEngine  : Starting Servlet Engine: Apache Tomcat/8.5.4
2016-09-28 13:58:32.230  INFO 16076 --- [localhost-startStop-1] o.a.c.c.C.[.[localhost].[/taxiservice]   : Initializing Spring embedded WebApplicationContext
2016-09-28 13:58:32.231  INFO 16076 --- [localhost-startStop-1] o.s.web.context.ContextLoader            : Root WebApplicationContext: initialization completed in 5383 ms
2016-09-28 13:58:32.491  INFO 16076 --- [localhost-startStop-1] o.s.b.w.servlet.ServletRegistrationBean  : Mapping servlet: 'dispatcherServlet' to [/]
2016-09-28 13:58:32.497  INFO 16076 --- [localhost-startStop-1] o.s.b.w.servlet.FilterRegistrationBean   : Mapping filter: 'characterEncodingFilter' to: [/*]
2016-09-28 13:58:32.498  INFO 16076 --- [localhost-startStop-1] o.s.b.w.servlet.FilterRegistrationBean   : Mapping filter: 'hiddenHttpMethodFilter' to: [/*]
2016-09-28 13:58:32.499  INFO 16076 --- [localhost-startStop-1] o.s.b.w.servlet.FilterRegistrationBean   : Mapping filter: 'httpPutFormContentFilter' to: [/*]
2016-09-28 13:58:32.499  INFO 16076 --- [localhost-startStop-1] o.s.b.w.servlet.FilterRegistrationBean   : Mapping filter: 'requestContextFilter' to: [/*]
2016-09-28 13:58:32.943  INFO 16076 --- [main] org.mongodb.driver.cluster               : Cluster created with settings {hosts=[localhost:27017], mode=SINGLE, requiredClusterType=UNKNOWN, serverSelectionTimeout='30000 ms', maxWaitQueueSize=500}
2016-09-28 13:58:33.796  INFO 16076 --- [main] s.w.s.m.m.a.RequestMappingHandlerAdapter : Looking for @ControllerAdvice: org.springframework.boot.context.embedded.AnnotationConfigEmbeddedWebApplicationContext@72057ecf: startup date [Wed Sep 28 13:58:26 CEST 2016]; root of context hierarchy
2016-09-28 13:58:33.888  INFO 16076 --- [main] s.w.s.m.m.a.RequestMappingHandlerMapping : Mapped "{[/customers/{id}],methods=[DELETE],produces=[application/json]}" onto public org.springframework.http.ResponseEntity<java.lang.Void> com.um.test.controller.CustomersController.deleteCustomerById(java.lang.String)
2016-09-28 13:58:33.891  INFO 16076 --- [main] s.w.s.m.m.a.RequestMappingHandlerMapping : Mapped "{[/customers/{id}],methods=[PUT],produces=[application/json]}" onto public org.springframework.http.ResponseEntity<java.lang.Void> com.um.test.controller.CustomersController.updateCustomerById(java.lang.String,com.um.test.taxiservice.model.CustomerDefinition)
2016-09-28 13:58:33.891  INFO 16076 --- [main] s.w.s.m.m.a.RequestMappingHandlerMapping : Mapped "{[/customers],methods=[POST],produces=[application/json]}" onto public org.springframework.http.ResponseEntity<java.lang.String> com.um.test.controller.CustomersController.submitCustomer(com.um.test.taxiservice.model.CustomerDefinition)
2016-09-28 13:58:33.892  INFO 16076 --- [main] s.w.s.m.m.a.RequestMappingHandlerMapping : Mapped "{[/customers/{id}],methods=[GET],produces=[application/json]}" onto public org.springframework.http.ResponseEntity<com.um.test.taxiservice.model.CustomerDefinition> com.um.test.controller.CustomersController.getCustomerById(java.lang.String)
2016-09-28 13:58:33.892  INFO 16076 --- [main] s.w.s.m.m.a.RequestMappingHandlerMapping : Mapped "{[/customers],methods=[GET],produces=[application/json]}" onto public org.springframework.http.ResponseEntity<java.util.List<com.um.test.taxiservice.model.CustomerDefinition>> com.um.test.controller.CustomersController.getCustomers()
2016-09-28 13:58:33.898  INFO 16076 --- [main] s.w.s.m.m.a.RequestMappingHandlerMapping : Mapped "{[/drivers/{id}],methods=[GET],produces=[application/json]}" onto public org.springframework.http.ResponseEntity<com.um.test.taxiservice.model.DriverDefinition> com.um.test.controller.DriverController.getDriverById(java.lang.String)
2016-09-28 13:58:33.899  INFO 16076 --- [main] s.w.s.m.m.a.RequestMappingHandlerMapping : Mapped "{[/drivers],methods=[GET],produces=[application/json]}" onto public org.springframework.http.ResponseEntity<java.util.List<com.um.test.taxiservice.model.DriverDefinition>> com.um.test.controller.DriverController.getDrivers()
2016-09-28 13:58:33.899  INFO 16076 --- [main] s.w.s.m.m.a.RequestMappingHandlerMapping : Mapped "{[/drivers],methods=[POST],produces=[application/json]}" onto public org.springframework.http.ResponseEntity<java.lang.String> com.um.test.controller.DriverController.submitDriver(com.um.test.taxiservice.model.DriverDefinition)
2016-09-28 13:58:33.899  INFO 16076 --- [main] s.w.s.m.m.a.RequestMappingHandlerMapping : Mapped "{[/drivers/{id}],methods=[PUT],produces=[application/json]}" onto public org.springframework.http.ResponseEntity<java.lang.Void> com.um.test.controller.DriverController.updateDriverById(java.lang.String,com.um.test.taxiservice.model.DriverDefinition)
2016-09-28 13:58:33.900  INFO 16076 --- [main] s.w.s.m.m.a.RequestMappingHandlerMapping : Mapped "{[/drivers/{id}],methods=[DELETE],produces=[application/json]}" onto public org.springframework.http.ResponseEntity<java.lang.Void> com.um.test.controller.DriverController.deleteDriverById(java.lang.String)
2016-09-28 13:58:33.905  INFO 16076 --- [main] s.w.s.m.m.a.RequestMappingHandlerMapping : Mapped "{[/rides/{id}],methods=[DELETE],produces=[application/json]}" onto public org.springframework.http.ResponseEntity<java.lang.Void> com.um.test.controller.RidesController.deleteRideById(java.lang.String)
2016-09-28 13:58:33.905  INFO 16076 --- [main] s.w.s.m.m.a.RequestMappingHandlerMapping : Mapped "{[/rides/{id}],methods=[GET],produces=[application/json]}" onto public org.springframework.http.ResponseEntity<com.um.test.taxiservice.model.RideDefinition> com.um.test.controller.RidesController.getRideById(java.lang.String)
2016-09-28 13:58:33.905  INFO 16076 --- [main] s.w.s.m.m.a.RequestMappingHandlerMapping : Mapped "{[/rides],methods=[GET],produces=[application/json]}" onto public org.springframework.http.ResponseEntity<java.util.List<com.um.test.taxiservice.model.RideDefinition>> com.um.test.controller.RidesController.getRides()
2016-09-28 13:58:33.906  INFO 16076 --- [main] s.w.s.m.m.a.RequestMappingHandlerMapping : Mapped "{[/rides/{id}],methods=[PUT],produces=[application/json]}" onto public org.springframework.http.ResponseEntity<java.lang.Void> com.um.test.controller.RidesController.updateRideById(java.lang.String,com.um.test.taxiservice.model.RideDefinition)
2016-09-28 13:58:33.906  INFO 16076 --- [main] s.w.s.m.m.a.RequestMappingHandlerMapping : Mapped "{[/rides],methods=[POST],produces=[application/json]}" onto public org.springframework.http.ResponseEntity<java.lang.String> com.um.test.controller.RidesController.submitRide(com.um.test.taxiservice.model.RideDefinition)
2016-09-28 13:58:33.909  INFO 16076 --- [main] s.w.s.m.m.a.RequestMappingHandlerMapping : Mapped "{[/taxis],methods=[GET],produces=[application/json]}" onto public org.springframework.http.ResponseEntity<java.util.List<com.um.test.taxiservice.model.TaxiDefinition>> com.um.test.controller.TaxisController.getTaxis()
2016-09-28 13:58:33.909  INFO 16076 --- [main] s.w.s.m.m.a.RequestMappingHandlerMapping : Mapped "{[/taxis],methods=[POST],produces=[application/json]}" onto public org.springframework.http.ResponseEntity<java.lang.String> com.um.test.controller.TaxisController.submitTaxi(com.um.test.taxiservice.model.TaxiDefinition)
2016-09-28 13:58:33.910  INFO 16076 --- [main] s.w.s.m.m.a.RequestMappingHandlerMapping : Mapped "{[/taxis/{id}],methods=[GET],produces=[application/json]}" onto public org.springframework.http.ResponseEntity<com.um.test.taxiservice.model.TaxiDefinition> com.um.test.controller.TaxisController.getTaxiById(java.lang.String)
2016-09-28 13:58:33.910  INFO 16076 --- [main] s.w.s.m.m.a.RequestMappingHandlerMapping : Mapped "{[/taxis/{id}],methods=[PUT],produces=[application/json]}" onto public org.springframework.http.ResponseEntity<java.lang.Void> com.um.test.controller.TaxisController.updateTaxiById(java.lang.String,com.um.test.taxiservice.model.TaxiDefinition)
2016-09-28 13:58:33.911  INFO 16076 --- [main] s.w.s.m.m.a.RequestMappingHandlerMapping : Mapped "{[/taxis/{id}],methods=[DELETE],produces=[application/json]}" onto public org.springframework.http.ResponseEntity<java.lang.Void> com.um.test.controller.TaxisController.deleteTaxiById(java.lang.String)
2016-09-28 13:58:33.913  INFO 16076 --- [main] s.w.s.m.m.a.RequestMappingHandlerMapping : Mapped "{[/error]}" onto public org.springframework.http.ResponseEntity<java.util.Map<java.lang.String, java.lang.Object>> org.springframework.boot.autoconfigure.web.BasicErrorController.error(javax.servlet.http.HttpServletRequest)
2016-09-28 13:58:33.913  INFO 16076 --- [main] s.w.s.m.m.a.RequestMappingHandlerMapping : Mapped "{[/error],produces=[text/html]}" onto public org.springframework.web.servlet.ModelAndView org.springframework.boot.autoconfigure.web.BasicErrorController.errorHtml(javax.servlet.http.HttpServletRequest,javax.servlet.http.HttpServletResponse)
2016-09-28 13:58:33.961  INFO 16076 --- [main] o.s.w.s.handler.SimpleUrlHandlerMapping  : Mapped URL path [/webjars/**] onto handler of type [class org.springframework.web.servlet.resource.ResourceHttpRequestHandler]
2016-09-28 13:58:33.961  INFO 16076 --- [main] o.s.w.s.handler.SimpleUrlHandlerMapping  : Mapped URL path [/**] onto handler of type [class org.springframework.web.servlet.resource.ResourceHttpRequestHandler]
2016-09-28 13:58:33.991  INFO 16076 --- [cluster-ClusterId{value='57ebb068a19f5b3ecc286458', description='null'}-localhost:27017] org.mongodb.driver.cluster               : Exception in monitor thread while connecting to server localhost:27017

com.mongodb.MongoSocketOpenException: Exception opening socket
	at com.mongodb.connection.SocketStream.open(SocketStream.java:63) ~[mongodb-driver-core-3.2.2.jar:na]
	at com.mongodb.connection.InternalStreamConnection.open(InternalStreamConnection.java:114) ~[mongodb-driver-core-3.2.2.jar:na]
	at com.mongodb.connection.DefaultServerMonitor$ServerMonitorRunnable.run(DefaultServerMonitor.java:128) ~[mongodb-driver-core-3.2.2.jar:na]
	at java.lang.Thread.run(Thread.java:745) [na:1.8.0_73]
Caused by: java.net.ConnectException: Connection refused: connect
	at java.net.DualStackPlainSocketImpl.waitForConnect(Native Method) ~[na:1.8.0_73]
	at java.net.DualStackPlainSocketImpl.socketConnect(DualStackPlainSocketImpl.java:85) ~[na:1.8.0_73]
	at java.net.AbstractPlainSocketImpl.doConnect(AbstractPlainSocketImpl.java:350) ~[na:1.8.0_73]
	at java.net.AbstractPlainSocketImpl.connectToAddress(AbstractPlainSocketImpl.java:206) ~[na:1.8.0_73]
	at java.net.AbstractPlainSocketImpl.connect(AbstractPlainSocketImpl.java:188) ~[na:1.8.0_73]
	at java.net.PlainSocketImpl.connect(PlainSocketImpl.java:172) ~[na:1.8.0_73]
	at java.net.SocksSocketImpl.connect(SocksSocketImpl.java:392) ~[na:1.8.0_73]
	at java.net.Socket.connect(Socket.java:589) ~[na:1.8.0_73]
	at com.mongodb.connection.SocketStreamHelper.initialize(SocketStreamHelper.java:50) ~[mongodb-driver-core-3.2.2.jar:na]
	at com.mongodb.connection.SocketStream.open(SocketStream.java:58) ~[mongodb-driver-core-3.2.2.jar:na]
	... 3 common frames omitted

2016-09-28 13:58:34.027  INFO 16076 --- [main] o.s.w.s.handler.SimpleUrlHandlerMapping  : Mapped URL path [/**/favicon.ico] onto handler of type [class org.springframework.web.servlet.resource.ResourceHttpRequestHandler]
2016-09-28 13:58:34.305  INFO 16076 --- [main] o.s.j.e.a.AnnotationMBeanExporter        : Registering beans for JMX exposure on startup
2016-09-28 13:58:34.391  INFO 16076 --- [main] s.b.c.e.t.TomcatEmbeddedServletContainer : Tomcat started on port(s): 8080 (http)
2016-09-28 13:58:34.398  INFO 16076 --- [main] com.um.test.TaxiRestApplication          : Started TaxiRestApplication in 8.351 seconds (JVM running for 9.512)
2016-09-28 14:17:59.880  INFO 16076 --- [cluster-ClusterId{value='57ebb068a19f5b3ecc286458', description='null'}-localhost:27017] org.mongodb.driver.connection            : Opened connection [connectionId{localValue:107, serverValue:1}] to localhost:27017
2016-09-28 14:17:59.896  INFO 16076 --- [cluster-ClusterId{value='57ebb068a19f5b3ecc286458', description='null'}-localhost:27017] org.mongodb.driver.cluster               : Monitor thread successfully connected to server with description ServerDescription{address=localhost:27017, type=STANDALONE, state=CONNECTED, ok=true, version=ServerVersion{versionList=[3, 2, 9]}, minWireVersion=0, maxWireVersion=4, maxDocumentSize=16777216, roundTripTimeNanos=981211}
2016-09-28 14:18:31.931  INFO 10088 --- [main] com.um.test.TaxiRestApplication          : Starting TaxiRestApplication on LAP-UM-625 with PID 10088 (C:\UMProjects\taxi_data_store\restservice\target\classes started by osama.abdulsattar in C:\UMProjects\taxi_data_store\restapi)
2016-09-28 14:18:31.940  INFO 10088 --- [main] com.um.test.TaxiRestApplication          : No active profile set, falling back to default profiles: default
2016-09-28 14:18:32.076  INFO 10088 --- [main] ationConfigEmbeddedWebApplicationContext : Refreshing org.springframework.boot.context.embedded.AnnotationConfigEmbeddedWebApplicationContext@72057ecf: startup date [Wed Sep 28 14:18:32 CEST 2016]; root of context hierarchy
2016-09-28 14:18:36.033  INFO 10088 --- [main] s.b.c.e.t.TomcatEmbeddedServletContainer : Tomcat initialized with port(s): 8080 (http)
2016-09-28 14:18:36.049  INFO 10088 --- [main] o.apache.catalina.core.StandardService   : Starting service Tomcat
2016-09-28 14:18:36.051  INFO 10088 --- [main] org.apache.catalina.core.StandardEngine  : Starting Servlet Engine: Apache Tomcat/8.5.4
2016-09-28 14:18:36.396  INFO 10088 --- [localhost-startStop-1] o.a.c.c.C.[.[localhost].[/taxiservice]   : Initializing Spring embedded WebApplicationContext
2016-09-28 14:18:36.397  INFO 10088 --- [localhost-startStop-1] o.s.web.context.ContextLoader            : Root WebApplicationContext: initialization completed in 4331 ms
2016-09-28 14:18:36.717  INFO 10088 --- [localhost-startStop-1] o.s.b.w.servlet.ServletRegistrationBean  : Mapping servlet: 'dispatcherServlet' to [/]
2016-09-28 14:18:36.729  INFO 10088 --- [localhost-startStop-1] o.s.b.w.servlet.FilterRegistrationBean   : Mapping filter: 'characterEncodingFilter' to: [/*]
2016-09-28 14:18:36.731  INFO 10088 --- [localhost-startStop-1] o.s.b.w.servlet.FilterRegistrationBean   : Mapping filter: 'hiddenHttpMethodFilter' to: [/*]
2016-09-28 14:18:36.732  INFO 10088 --- [localhost-startStop-1] o.s.b.w.servlet.FilterRegistrationBean   : Mapping filter: 'httpPutFormContentFilter' to: [/*]
2016-09-28 14:18:36.733  INFO 10088 --- [localhost-startStop-1] o.s.b.w.servlet.FilterRegistrationBean   : Mapping filter: 'requestContextFilter' to: [/*]
2016-09-28 14:18:37.330  INFO 10088 --- [main] org.mongodb.driver.cluster               : Cluster created with settings {hosts=[localhost:27017], mode=SINGLE, requiredClusterType=UNKNOWN, serverSelectionTimeout='30000 ms', maxWaitQueueSize=500}
2016-09-28 14:18:37.472  INFO 10088 --- [cluster-ClusterId{value='57ebb51da19f5b2768dae28c', description='null'}-localhost:27017] org.mongodb.driver.connection            : Opened connection [connectionId{localValue:1, serverValue:2}] to localhost:27017
2016-09-28 14:18:37.475  INFO 10088 --- [cluster-ClusterId{value='57ebb51da19f5b2768dae28c', description='null'}-localhost:27017] org.mongodb.driver.cluster               : Monitor thread successfully connected to server with description ServerDescription{address=localhost:27017, type=STANDALONE, state=CONNECTED, ok=true, version=ServerVersion{versionList=[3, 2, 9]}, minWireVersion=0, maxWireVersion=4, maxDocumentSize=16777216, roundTripTimeNanos=963146}
2016-09-28 14:18:38.535  INFO 10088 --- [main] s.w.s.m.m.a.RequestMappingHandlerAdapter : Looking for @ControllerAdvice: org.springframework.boot.context.embedded.AnnotationConfigEmbeddedWebApplicationContext@72057ecf: startup date [Wed Sep 28 14:18:32 CEST 2016]; root of context hierarchy
2016-09-28 14:18:38.703  INFO 10088 --- [main] s.w.s.m.m.a.RequestMappingHandlerMapping : Mapped "{[/customers],methods=[POST],produces=[application/json]}" onto public org.springframework.http.ResponseEntity<java.lang.String> com.um.test.controller.CustomersController.submitCustomer(com.um.test.taxiservice.model.CustomerDefinition)
2016-09-28 14:18:38.706  INFO 10088 --- [main] s.w.s.m.m.a.RequestMappingHandlerMapping : Mapped "{[/customers/{id}],methods=[GET],produces=[application/json]}" onto public org.springframework.http.ResponseEntity<com.um.test.taxiservice.model.CustomerDefinition> com.um.test.controller.CustomersController.getCustomerById(java.lang.String)
2016-09-28 14:18:38.708  INFO 10088 --- [main] s.w.s.m.m.a.RequestMappingHandlerMapping : Mapped "{[/customers],methods=[GET],produces=[application/json]}" onto public org.springframework.http.ResponseEntity<java.util.List<com.um.test.taxiservice.model.CustomerDefinition>> com.um.test.controller.CustomersController.getCustomers()
2016-09-28 14:18:38.710  INFO 10088 --- [main] s.w.s.m.m.a.RequestMappingHandlerMapping : Mapped "{[/customers/{id}],methods=[DELETE],produces=[application/json]}" onto public org.springframework.http.ResponseEntity<java.lang.Void> com.um.test.controller.CustomersController.deleteCustomerById(java.lang.String)
2016-09-28 14:18:38.710  INFO 10088 --- [main] s.w.s.m.m.a.RequestMappingHandlerMapping : Mapped "{[/customers/{id}],methods=[PUT],produces=[application/json]}" onto public org.springframework.http.ResponseEntity<java.lang.Void> com.um.test.controller.CustomersController.updateCustomerById(java.lang.String,com.um.test.taxiservice.model.CustomerDefinition)
2016-09-28 14:18:38.718  INFO 10088 --- [main] s.w.s.m.m.a.RequestMappingHandlerMapping : Mapped "{[/drivers/{id}],methods=[PUT],produces=[application/json]}" onto public org.springframework.http.ResponseEntity<java.lang.Void> com.um.test.controller.DriverController.updateDriverById(java.lang.String,com.um.test.taxiservice.model.DriverDefinition)
2016-09-28 14:18:38.720  INFO 10088 --- [main] s.w.s.m.m.a.RequestMappingHandlerMapping : Mapped "{[/drivers],methods=[POST],produces=[application/json]}" onto public org.springframework.http.ResponseEntity<java.lang.String> com.um.test.controller.DriverController.submitDriver(com.um.test.taxiservice.model.DriverDefinition)
2016-09-28 14:18:38.722  INFO 10088 --- [main] s.w.s.m.m.a.RequestMappingHandlerMapping : Mapped "{[/drivers/{id}],methods=[DELETE],produces=[application/json]}" onto public org.springframework.http.ResponseEntity<java.lang.Void> com.um.test.controller.DriverController.deleteDriverById(java.lang.String)
2016-09-28 14:18:38.724  INFO 10088 --- [main] s.w.s.m.m.a.RequestMappingHandlerMapping : Mapped "{[/drivers/{id}],methods=[GET],produces=[application/json]}" onto public org.springframework.http.ResponseEntity<com.um.test.taxiservice.model.DriverDefinition> com.um.test.controller.DriverController.getDriverById(java.lang.String)
2016-09-28 14:18:38.725  INFO 10088 --- [main] s.w.s.m.m.a.RequestMappingHandlerMapping : Mapped "{[/drivers],methods=[GET],produces=[application/json]}" onto public org.springframework.http.ResponseEntity<java.util.List<com.um.test.taxiservice.model.DriverDefinition>> com.um.test.controller.DriverController.getDrivers()
2016-09-28 14:18:38.735  INFO 10088 --- [main] s.w.s.m.m.a.RequestMappingHandlerMapping : Mapped "{[/rides],methods=[GET],produces=[application/json]}" onto public org.springframework.http.ResponseEntity<java.util.List<com.um.test.taxiservice.model.RideDefinition>> com.um.test.controller.RidesController.getRides()
2016-09-28 14:18:38.737  INFO 10088 --- [main] s.w.s.m.m.a.RequestMappingHandlerMapping : Mapped "{[/rides/{id}],methods=[GET],produces=[application/json]}" onto public org.springframework.http.ResponseEntity<com.um.test.taxiservice.model.RideDefinition> com.um.test.controller.RidesController.getRideById(java.lang.String)
2016-09-28 14:18:38.738  INFO 10088 --- [main] s.w.s.m.m.a.RequestMappingHandlerMapping : Mapped "{[/rides/{id}],methods=[PUT],produces=[application/json]}" onto public org.springframework.http.ResponseEntity<java.lang.Void> com.um.test.controller.RidesController.updateRideById(java.lang.String,com.um.test.taxiservice.model.RideDefinition)
2016-09-28 14:18:38.740  INFO 10088 --- [main] s.w.s.m.m.a.RequestMappingHandlerMapping : Mapped "{[/rides],methods=[POST],produces=[application/json]}" onto public org.springframework.http.ResponseEntity<java.lang.String> com.um.test.controller.RidesController.submitRide(com.um.test.taxiservice.model.RideDefinition)
2016-09-28 14:18:38.741  INFO 10088 --- [main] s.w.s.m.m.a.RequestMappingHandlerMapping : Mapped "{[/rides/{id}],methods=[DELETE],produces=[application/json]}" onto public org.springframework.http.ResponseEntity<java.lang.Void> com.um.test.controller.RidesController.deleteRideById(java.lang.String)
2016-09-28 14:18:38.748  INFO 10088 --- [main] s.w.s.m.m.a.RequestMappingHandlerMapping : Mapped "{[/taxis/{id}],methods=[GET],produces=[application/json]}" onto public org.springframework.http.ResponseEntity<com.um.test.taxiservice.model.TaxiDefinition> com.um.test.controller.TaxisController.getTaxiById(java.lang.String)
2016-09-28 14:18:38.749  INFO 10088 --- [main] s.w.s.m.m.a.RequestMappingHandlerMapping : Mapped "{[/taxis],methods=[GET],produces=[application/json]}" onto public org.springframework.http.ResponseEntity<java.util.List<com.um.test.taxiservice.model.TaxiDefinition>> com.um.test.controller.TaxisController.getTaxis()
2016-09-28 14:18:38.750  INFO 10088 --- [main] s.w.s.m.m.a.RequestMappingHandlerMapping : Mapped "{[/taxis/{id}],methods=[PUT],produces=[application/json]}" onto public org.springframework.http.ResponseEntity<java.lang.Void> com.um.test.controller.TaxisController.updateTaxiById(java.lang.String,com.um.test.taxiservice.model.TaxiDefinition)
2016-09-28 14:18:38.751  INFO 10088 --- [main] s.w.s.m.m.a.RequestMappingHandlerMapping : Mapped "{[/taxis],methods=[POST],produces=[application/json]}" onto public org.springframework.http.ResponseEntity<java.lang.String> com.um.test.controller.TaxisController.submitTaxi(com.um.test.taxiservice.model.TaxiDefinition)
2016-09-28 14:18:38.752  INFO 10088 --- [main] s.w.s.m.m.a.RequestMappingHandlerMapping : Mapped "{[/taxis/{id}],methods=[DELETE],produces=[application/json]}" onto public org.springframework.http.ResponseEntity<java.lang.Void> com.um.test.controller.TaxisController.deleteTaxiById(java.lang.String)
2016-09-28 14:18:38.760  INFO 10088 --- [main] s.w.s.m.m.a.RequestMappingHandlerMapping : Mapped "{[/error]}" onto public org.springframework.http.ResponseEntity<java.util.Map<java.lang.String, java.lang.Object>> org.springframework.boot.autoconfigure.web.BasicErrorController.error(javax.servlet.http.HttpServletRequest)
2016-09-28 14:18:38.762  INFO 10088 --- [main] s.w.s.m.m.a.RequestMappingHandlerMapping : Mapped "{[/error],produces=[text/html]}" onto public org.springframework.web.servlet.ModelAndView org.springframework.boot.autoconfigure.web.BasicErrorController.errorHtml(javax.servlet.http.HttpServletRequest,javax.servlet.http.HttpServletResponse)
2016-09-28 14:18:38.848  INFO 10088 --- [main] o.s.w.s.handler.SimpleUrlHandlerMapping  : Mapped URL path [/webjars/**] onto handler of type [class org.springframework.web.servlet.resource.ResourceHttpRequestHandler]
2016-09-28 14:18:38.849  INFO 10088 --- [main] o.s.w.s.handler.SimpleUrlHandlerMapping  : Mapped URL path [/**] onto handler of type [class org.springframework.web.servlet.resource.ResourceHttpRequestHandler]
2016-09-28 14:18:38.948  INFO 10088 --- [main] o.s.w.s.handler.SimpleUrlHandlerMapping  : Mapped URL path [/**/favicon.ico] onto handler of type [class org.springframework.web.servlet.resource.ResourceHttpRequestHandler]
2016-09-28 14:18:39.278  INFO 10088 --- [main] o.s.j.e.a.AnnotationMBeanExporter        : Registering beans for JMX exposure on startup
2016-09-28 14:18:39.418  INFO 10088 --- [main] s.b.c.e.t.TomcatEmbeddedServletContainer : Tomcat started on port(s): 8080 (http)
2016-09-28 14:18:39.433  INFO 10088 --- [main] com.um.test.TaxiRestApplication          : Started TaxiRestApplication in 8.171 seconds (JVM running for 9.849)
2016-09-28 14:19:24.783  INFO 10088 --- [http-nio-8080-exec-1] o.a.c.c.C.[.[localhost].[/taxiservice]   : Initializing Spring FrameworkServlet 'dispatcherServlet'
2016-09-28 14:19:24.784  INFO 10088 --- [http-nio-8080-exec-1] o.s.web.servlet.DispatcherServlet        : FrameworkServlet 'dispatcherServlet': initialization started
2016-09-28 14:19:24.811  INFO 10088 --- [http-nio-8080-exec-1] o.s.web.servlet.DispatcherServlet        : FrameworkServlet 'dispatcherServlet': initialization completed in 27 ms
2016-09-28 14:19:25.048  INFO 10088 --- [http-nio-8080-exec-1] com.um.test.controller.DriverController  : submitDriver:class DriverDefinition {
    id: null
    firstname: Will
    surename: Smith
    ownerOfTaxis: [1, 2]
}
2016-09-28 14:19:25.097  INFO 10088 --- [http-nio-8080-exec-1] org.mongodb.driver.connection            : Opened connection [connectionId{localValue:2, serverValue:3}] to localhost:27017
2016-09-28 14:19:25.142  INFO 10088 --- [http-nio-8080-exec-1] com.um.test.controller.DriverController  : Returned ID:57ebb54da19f5b2768dae28d
2016-09-28 14:47:36.917  INFO 10088 --- [http-nio-8080-exec-3] com.um.test.controller.DriverController  : submitDriver:class DriverDefinition {
    id: null
    firstname: Ahemd
    surename: Naser
    ownerOfTaxis: [1, 5]
}
2016-09-28 14:47:36.968  INFO 10088 --- [http-nio-8080-exec-3] com.um.test.controller.DriverController  : Returned ID:57ebbbe8a19f5b2768dae28e
